c:\users\yaniv\documents\github\opengl\openglglutglfwshadertemplate\openglglutglfwshadertemplate\debug\vc142.pdb
c:\users\yaniv\documents\github\opengl\openglglutglfwshadertemplate\openglglutglfwshadertemplate\debug\vc142.idb
c:\users\yaniv\documents\github\opengl\openglglutglfwshadertemplate\openglglutglfwshadertemplate\debug\week2-9-square.obj
c:\users\yaniv\documents\github\opengl\openglglutglfwshadertemplate\openglglutglfwshadertemplate\debug\week2-8-rotatingtriangle-doublebuffering.obj
c:\users\yaniv\documents\github\opengl\openglglutglfwshadertemplate\openglglutglfwshadertemplate\debug\week2-7-rotatingtriangle.obj
c:\users\yaniv\documents\github\opengl\openglglutglfwshadertemplate\openglglutglfwshadertemplate\debug\week2-6-dynamictriangles-mouse.obj
c:\users\yaniv\documents\github\opengl\openglglutglfwshadertemplate\openglglutglfwshadertemplate\debug\week2-5-tetrahedron2.obj
c:\users\yaniv\documents\github\opengl\openglglutglfwshadertemplate\openglglutglfwshadertemplate\debug\week2-4-tetrahedron.obj
c:\users\yaniv\documents\github\opengl\openglglutglfwshadertemplate\openglglutglfwshadertemplate\debug\week2-3-sierpenski3.obj
c:\users\yaniv\documents\github\opengl\openglglutglfwshadertemplate\openglglutglfwshadertemplate\debug\week2-2-sierpenski2.obj
c:\users\yaniv\documents\github\opengl\openglglutglfwshadertemplate\openglglutglfwshadertemplate\debug\week2-10-triangle.obj
c:\users\yaniv\documents\github\opengl\openglglutglfwshadertemplate\openglglutglfwshadertemplate\debug\week2-1-triangles.obj
c:\users\yaniv\documents\github\opengl\openglglutglfwshadertemplate\openglglutglfwshadertemplate\debug\prepshader.obj
c:\users\yaniv\documents\github\opengl\openglglutglfwshadertemplate\openglglutglfwshadertemplate\debug\testglfwwithshader.obj
c:\users\yaniv\documents\github\opengl\openglglutglfwshadertemplate\debug\openglglutglfwshadertemplate.exe
c:\users\yaniv\documents\github\opengl\openglglutglfwshadertemplate\debug\openglglutglfwshadertemplate.ilk
c:\users\yaniv\documents\github\opengl\openglglutglfwshadertemplate\debug\openglglutglfwshadertemplate.pdb
c:\users\yaniv\documents\github\opengl\openglglutglfwshadertemplate\openglglutglfwshadertemplate\debug\openglgl.c9fbc251.tlog\cl.command.1.tlog
c:\users\yaniv\documents\github\opengl\openglglutglfwshadertemplate\openglglutglfwshadertemplate\debug\openglgl.c9fbc251.tlog\cl.read.1.tlog
c:\users\yaniv\documents\github\opengl\openglglutglfwshadertemplate\openglglutglfwshadertemplate\debug\openglgl.c9fbc251.tlog\cl.write.1.tlog
c:\users\yaniv\documents\github\opengl\openglglutglfwshadertemplate\openglglutglfwshadertemplate\debug\openglgl.c9fbc251.tlog\link.command.1.tlog
c:\users\yaniv\documents\github\opengl\openglglutglfwshadertemplate\openglglutglfwshadertemplate\debug\openglgl.c9fbc251.tlog\link.read.1.tlog
c:\users\yaniv\documents\github\opengl\openglglutglfwshadertemplate\openglglutglfwshadertemplate\debug\openglgl.c9fbc251.tlog\link.write.1.tlog
